
ASEM-51 V1.3                                         Copyright (c) 2002 by W.W. Heinz                                         PAGE 1





       MCS-51 Family Macro Assembler   A S E M - 5 1   V 1.3
       =====================================================



	Source File:	..\main.asm
	Object File:	Debug.HEX
	List File:	Debug.lst



 Line  I  Addr  Code            Source

    1:				;====================================================================
    2:				; Main.asm file generated by New Project wizard
    3:				;
    4:				; Created:   ÖÜ¶þ ¾ÅÔÂ 5 2023
    5:				; Processor: AT89C51
    6:				; Compiler:  ASEM-51 (Proteus)
    7:				;====================================================================
    8:
    9:				$NOMOD51
   10:				$INCLUDE (8051.MCU)
   11: 1			;   8051 processor definition file
   12: 1			;   ==============================
   13: 1
   14: 1	N	 80	P0	DATA	080H
   15: 1	N	 81	SP	DATA	081H
   16: 1	N	 82	DPL	DATA	082H
   17: 1	N	 83	DPH	DATA	083H
   18: 1	N	 87	PCON	DATA	087H
   19: 1	N	 88	TCON	DATA	088H
   20: 1	N	 89	TMOD	DATA	089H
   21: 1	N	 8A	TL0	DATA	08AH
   22: 1	N	 8B	TL1	DATA	08BH
   23: 1	N	 8C	TH0	DATA	08CH
   24: 1	N	 8D	TH1	DATA	08DH
   25: 1	N	 90	P1	DATA	090H
   26: 1	N	 98	SCON	DATA	098H
   27: 1	N	 99	SBUF	DATA	099H
   28: 1	N	 A0	P2	DATA	0A0H
   29: 1	N	 A8	IE	DATA	0A8H
   30: 1	N	 B0	P3	DATA	0B0H
   31: 1	N	 B8	IP	DATA	0B8H
   32: 1	N	 D0	PSW	DATA	0D0H
   33: 1	N	 E0	ACC	DATA	0E0H
   34: 1	N	 F0	B	DATA	0F0H
   35: 1
   36: 1	N	 88	IT0	BIT	088H
   37: 1	N	 89	IE0	BIT	089H
   38: 1	N	 8A	IT1	BIT	08AH
   39: 1	N	 8B	IE1	BIT	08BH
   40: 1	N	 8C	TR0	BIT	08CH
   41: 1	N	 8D	TF0	BIT	08DH
   42: 1	N	 8E	TR1	BIT	08EH
   43: 1	N	 8F	TF1	BIT	08FH

ASEM-51 V1.3                                         Copyright (c) 2002 by W.W. Heinz                                         PAGE 2



 Line  I  Addr  Code            Source

   44: 1	N	 98	RI	BIT	098H
   45: 1	N	 99	TI	BIT	099H
   46: 1	N	 9A	RB8	BIT	09AH
   47: 1	N	 9B	TB8	BIT	09BH
   48: 1	N	 9C	REN	BIT	09CH
   49: 1	N	 9D	SM2	BIT	09DH
   50: 1	N	 9E	SM1	BIT	09EH
   51: 1	N	 9F	SM0	BIT	09FH
   52: 1	N	 A8	EX0	BIT	0A8H
   53: 1	N	 A9	ET0	BIT	0A9H
   54: 1	N	 AA	EX1	BIT	0AAH
   55: 1	N	 AB	ET1	BIT	0ABH
   56: 1	N	 AC	ES	BIT	0ACH
   57: 1	N	 AF	EA	BIT	0AFH
   58: 1	N	 B0	RXD	BIT	0B0H
   59: 1	N	 B1	TXD	BIT	0B1H
   60: 1	N	 B2	INT0	BIT	0B2H
   61: 1	N	 B3	INT1	BIT	0B3H
   62: 1	N	 B4	T0	BIT	0B4H
   63: 1	N	 B5	T1	BIT	0B5H
   64: 1	N	 B6	WR	BIT	0B6H
   65: 1	N	 B7	RD	BIT	0B7H
   66: 1	N	 B8	PX0	BIT	0B8H
   67: 1	N	 B9	PT0	BIT	0B9H
   68: 1	N	 BA	PX1	BIT	0BAH
   69: 1	N	 BB	PT1	BIT	0BBH
   70: 1	N	 BC	PS	BIT	0BCH
   71: 1	N	 D0	P	BIT	0D0H
   72: 1	N	 D2	OV	BIT	0D2H
   73: 1	N	 D3	RS0	BIT	0D3H
   74: 1	N	 D4	RS1	BIT	0D4H
   75: 1	N	 D5	F0	BIT	0D5H
   76: 1	N	 D6	AC	BIT	0D6H
   77: 1	N	 D7	CY	BIT	0D7H
   78: 1
   79: 1	N      0000	RESET	CODE	000H
   80: 1	N      0003	EXTI0	CODE	003H
   81: 1	N      000B	TIMER0	CODE	00BH
   82: 1	N      0013	EXTI1	CODE	013H
   83: 1	N      001B	TIMER1	CODE	01BH
   84: 1	N      0023	SINT	CODE	023H
   85:
   86:				;====================================================================
   87:				; DEFINITIONS
   88:				;====================================================================
   89:
   90:				;====================================================================
   91:				; VARIABLES
   92:				;====================================================================
   93:
   94:				;====================================================================
   95:				; RESET and INTERRUPT VECTORS
   96:				;====================================================================
   97:
   98:				      ; Reset Vector
   99:		N      0000	      org   0000h

ASEM-51 V1.3                                         Copyright (c) 2002 by W.W. Heinz                                         PAGE 3



 Line  I  Addr  Code            Source

  100:	  0000	02 01 00	      jmp   Start
  101:
  102:				;====================================================================
  103:				; CODE SEGMENT
  104:				;====================================================================
  105:
  106:		N      0100	      org   0100h
  107:	  0100			Start:
  108:				      ; Write your code here
  109:	  0100	A2 90		      MOV C, P1.0
  110:	  0102	50 05		      JNC  LABEL1
  111:	  0104	D2 97		      SETB P1.7
  112:	  0106	02 01 0B	      JMP LABEL2
  113:	  0109			LABEL1:
  114:	  0109	B2 97		      CPL P1.7
  115:	  010B			LABEL2:
  116:	  010B	12 01 10	      CALL DELAY
  117:	  010E	80 F0		      jmp START
  118:	  0110			DELAY:
  119:	  0110	79 FE		   MOV R1, #0FEH
  120:	  0112			DELAY_1:
  121:	  0112	7A FF		   MOV R2, #0FFH
  122:	  0114	DA FE		   DJNZ R2, $
  123:	  0116	D9 FA		   DJNZ R1, DELAY_1
  124:	  0118	22		   RET
  125:				;====================================================================
  126:				      END





                     register banks used:  ---

                     no errors




ASEM-51 V1.3                                         Copyright (c) 2002 by W.W. Heinz                                         PAGE 4





	       L I S T   O F   S Y M B O L S
	       =============================


SYMBOL				  TYPE     VALUE	LINE
------------------------------------------------------------
??ASEM_51			  NUMBER    8051
??VERSION			  NUMBER    0130
AC				  BIT	      D6	  76
ACC				  DATA	      E0	  33
B				  DATA	      F0	  34
CY				  BIT	      D7	  77
DELAY				  CODE	    0110	 118
DELAY_1				  CODE	    0112	 120
DPH				  DATA	      83	  17
DPL				  DATA	      82	  16
EA				  BIT	      AF	  57
ES				  BIT	      AC	  56
ET0				  BIT	      A9	  53
ET1				  BIT	      AB	  55
EX0				  BIT	      A8	  52
EX1				  BIT	      AA	  54
EXTI0				  CODE	    0003	  80
EXTI1				  CODE	    0013	  82
F0				  BIT	      D5	  75
IE				  DATA	      A8	  29
IE0				  BIT	      89	  37
IE1				  BIT	      8B	  39
INT0				  BIT	      B2	  60
INT1				  BIT	      B3	  61
IP				  DATA	      B8	  31
IT0				  BIT	      88	  36
IT1				  BIT	      8A	  38
LABEL1				  CODE	    0109	 113
LABEL2				  CODE	    010B	 115
OV				  BIT	      D2	  72
P				  BIT	      D0	  71
P0				  DATA	      80	  14
P1				  DATA	      90	  25
P2				  DATA	      A0	  28
P3				  DATA	      B0	  30
PCON				  DATA	      87	  18
PS				  BIT	      BC	  70
PSW				  DATA	      D0	  32
PT0				  BIT	      B9	  67
PT1				  BIT	      BB	  69
PX0				  BIT	      B8	  66
PX1				  BIT	      BA	  68
RB8				  BIT	      9A	  46
RD				  BIT	      B7	  65
REN				  BIT	      9C	  48
RESET				  CODE	    0000	  79
RI				  BIT	      98	  44
RS0				  BIT	      D3	  73
RS1				  BIT	      D4	  74
RXD				  BIT	      B0	  58

ASEM-51 V1.3                                         Copyright (c) 2002 by W.W. Heinz                                         PAGE 5



SYMBOL				  TYPE     VALUE	LINE
------------------------------------------------------------
SBUF				  DATA	      99	  27
SCON				  DATA	      98	  26
SINT				  CODE	    0023	  84
SM0				  BIT	      9F	  51
SM1				  BIT	      9E	  50
SM2				  BIT	      9D	  49
SP				  DATA	      81	  15
START				  CODE	    0100	 107
T0				  BIT	      B4	  62
T1				  BIT	      B5	  63
TB8				  BIT	      9B	  47
TCON				  DATA	      88	  19
TF0				  BIT	      8D	  41
TF1				  BIT	      8F	  43
TH0				  DATA	      8C	  23
TH1				  DATA	      8D	  24
TI				  BIT	      99	  45
TIMER0				  CODE	    000B	  81
TIMER1				  CODE	    001B	  83
TL0				  DATA	      8A	  21
TL1				  DATA	      8B	  22
TMOD				  DATA	      89	  20
TR0				  BIT	      8C	  40
TR1				  BIT	      8E	  42
TXD				  BIT	      B1	  59
WR				  BIT	      B6	  64
